<?xml version="1.0" encoding="UTF-8"?>
<testng-results ignored="0" total="2" passed="2" failed="0" skipped="0">
  <reporter-output>
  </reporter-output>
  <suite started-at="2023-09-19T18:06:37 EET" name="Default suite" finished-at="2023-09-19T18:06:41 EET" duration-ms="4224">
    <groups>
    </groups>
    <test started-at="2023-09-19T18:06:37 EET" name="Default test" finished-at="2023-09-19T18:06:41 EET" duration-ms="4224">
      <class name="MyClass">
        <test-method is-config="true" signature="myBeforeTest()[pri:0, instance:MyClass@73eb8672]" started-at="2023-09-19T18:06:37 EET" name="myBeforeTest" finished-at="2023-09-19T18:06:38 EET" duration-ms="809" status="PASS">
          <reporter-output>
          </reporter-output>
        </test-method> <!-- myBeforeTest -->
        <test-method signature="ThisIsAnotherTest()[pri:0, instance:MyClass@73eb8672]" started-at="2023-09-19T18:06:38 EET" name="ThisIsAnotherTest" finished-at="2023-09-19T18:06:38 EET" duration-ms="11" status="PASS">
          <reporter-output>
          </reporter-output>
        </test-method> <!-- ThisIsAnotherTest -->
        <test-method signature="myTest()[pri:0, instance:MyClass@73eb8672]" started-at="2023-09-19T18:06:38 EET" name="myTest" finished-at="2023-09-19T18:06:41 EET" duration-ms="3384" status="PASS">
          <reporter-output>
          </reporter-output>
        </test-method> <!-- myTest -->
        <test-method is-config="true" signature="myAfterTest()[pri:0, instance:MyClass@73eb8672]" started-at="2023-09-19T18:06:41 EET" name="myAfterTest" finished-at="2023-09-19T18:06:41 EET" duration-ms="0" status="PASS">
          <reporter-output>
          </reporter-output>
        </test-method> <!-- myAfterTest -->
      </class> <!-- MyClass -->
    </test> <!-- Default test -->
  </suite> <!-- Default suite -->
</testng-results>
